android/app/build/intermediates/manifest_merge_blame_file/appstoreDebug/manifest-merger-blame-appstore-debug-report.txt
1<?xml version="1.0" encoding="utf-8"?>
2<manifest xmlns:android="http://schemas.android.com/apk/res/android"
3    package="myapp.workoutnation"
4    android:versionCode="2"
5    android:versionName="1.0.1" >
6
7    <uses-sdk
8        android:minSdkVersion="21"
9        android:targetSdkVersion="30" />
10
11    <uses-permission android:name="android.permission.SYSTEM_ALERT_WINDOW" />
11-->src\main\AndroidManifest.xml:5:5-77
11-->src\main\AndroidManifest.xml:5:22-75
12    <uses-permission android:name="android.permission.ACCESS_BACKGROUND_LOCATION" />
12-->src\main\AndroidManifest.xml:2:5-84
12-->src\main\AndroidManifest.xml:2:22-82
13    <uses-permission android:name="android.permission.ACCESS_COARSE_LOCATION" />
13-->src\main\AndroidManifest.xml:3:5-80
13-->src\main\AndroidManifest.xml:3:22-78
14    <uses-permission android:name="android.permission.INTERNET" />
14-->src\main\AndroidManifest.xml:4:5-66
14-->src\main\AndroidManifest.xml:4:22-64
15    <uses-permission android:name="android.permission.WRITE_EXTERNAL_STORAGE" />
15-->src\main\AndroidManifest.xml:6:5-80
15-->src\main\AndroidManifest.xml:6:22-78
16    <uses-permission android:name="android.permission.READ_EXTERNAL_STORAGE" />
16-->src\main\AndroidManifest.xml:7:5-79
16-->src\main\AndroidManifest.xml:7:22-77
17    <uses-permission android:name="android.permission.CAMERA" />
17-->src\main\AndroidManifest.xml:8:5-64
17-->src\main\AndroidManifest.xml:8:22-62
18    <uses-permission android:name="android.permission.ACCESS_FINE_LOCATION" />
18-->src\main\AndroidManifest.xml:9:5-78
18-->src\main\AndroidManifest.xml:9:22-76
19    <!--
20 Mark the following features as required to filter out devices missing these features. See:
21        https://developer.android.com/guide/topics/manifest/uses-feature-element
22    -->
23    <uses-feature
23-->src\main\AndroidManifest.xml:12:5-84
24        android:name="android.hardware.camera"
24-->src\main\AndroidManifest.xml:12:19-57
25        android:required="false" />
25-->src\main\AndroidManifest.xml:12:58-82
26    <uses-feature
26-->src\main\AndroidManifest.xml:13:5-90
27        android:name="android.hardware.bluetooth_le"
27-->src\main\AndroidManifest.xml:13:19-63
28        android:required="false" />
28-->src\main\AndroidManifest.xml:13:64-88
29    <uses-feature
29-->src\main\AndroidManifest.xml:14:5-81
30        android:name="android.hardware.nfc"
30-->src\main\AndroidManifest.xml:14:19-54
31        android:required="false" />
31-->src\main\AndroidManifest.xml:14:55-79
32
33    <queries>
33-->src\main\AndroidManifest.xml:15:5-28:15
34        <intent>
34-->src\main\AndroidManifest.xml:16:9-19:18
35            <action android:name="android.intent.action.VIEW" />
35-->src\main\AndroidManifest.xml:17:13-64
35-->src\main\AndroidManifest.xml:17:21-62
36
37            <data android:scheme="https" />
37-->src\main\AndroidManifest.xml:18:13-43
37-->src\main\AndroidManifest.xml:18:19-41
38        </intent>
39        <intent>
39-->src\main\AndroidManifest.xml:16:9-19:18
40            <action android:name="android.intent.action.VIEW" />
40-->src\main\AndroidManifest.xml:17:13-64
40-->src\main\AndroidManifest.xml:17:21-62
41
42            <data android:scheme="tel" />
42-->src\main\AndroidManifest.xml:18:13-43
42-->src\main\AndroidManifest.xml:18:19-41
43        </intent>
44        <intent>
44-->src\main\AndroidManifest.xml:16:9-19:18
45            <action android:name="android.intent.action.VIEW" />
45-->src\main\AndroidManifest.xml:17:13-64
45-->src\main\AndroidManifest.xml:17:21-62
46
47            <data android:scheme="google.navigation" />
47-->src\main\AndroidManifest.xml:18:13-43
47-->src\main\AndroidManifest.xml:18:19-41
48        </intent>
49    </queries>
50
51    <supports-screens
51-->src\main\AndroidManifest.xml:56:5-140
52        android:largeScreens="false"
52-->src\main\AndroidManifest.xml:56:80-108
53        android:normalScreens="true"
53-->src\main\AndroidManifest.xml:56:51-79
54        android:smallScreens="true"
54-->src\main\AndroidManifest.xml:56:23-50
55        android:xlargeScreens="false" />
55-->src\main\AndroidManifest.xml:56:109-138
56
57    <uses-permission android:name="android.permission.ACCESS_WIFI_STATE" />
57-->[com.facebook.flipper:flipper:0.66.0] AndroidManifest.xml:16:5-76
57-->[com.facebook.flipper:flipper:0.66.0] AndroidManifest.xml:16:22-73
58    <uses-permission android:name="android.permission.WAKE_LOCK" />
58-->[:react-native-firebase_messaging] AndroidManifest.xml:12:5-68
58-->[:react-native-firebase_messaging] AndroidManifest.xml:12:22-65
59    <uses-permission android:name="android.permission.ACCESS_NETWORK_STATE" /> <!-- for android -->
59-->[:react-native-firebase_messaging] AndroidManifest.xml:13:5-79
59-->[:react-native-firebase_messaging] AndroidManifest.xml:13:22-76
60    <!-- <uses-permission android:name="com.android.launcher.permission.READ_SETTINGS"/> -->
61    <!-- <uses-permission android:name="com.android.launcher.permission.WRITE_SETTINGS"/> -->
62    <!-- <uses-permission android:name="com.android.launcher.permission.INSTALL_SHORTCUT" /> -->
63    <!-- <uses-permission android:name="com.android.launcher.permission.UNINSTALL_SHORTCUT" /> -->
64    <!-- for Samsung -->
65    <uses-permission android:name="com.sec.android.provider.badge.permission.READ" />
65-->[me.leolin:ShortcutBadger:1.1.22] AndroidManifest.xml:19:5-86
65-->[me.leolin:ShortcutBadger:1.1.22] AndroidManifest.xml:19:22-83
66    <uses-permission android:name="com.sec.android.provider.badge.permission.WRITE" /> <!-- for htc -->
66-->[me.leolin:ShortcutBadger:1.1.22] AndroidManifest.xml:20:5-87
66-->[me.leolin:ShortcutBadger:1.1.22] AndroidManifest.xml:20:22-84
67    <uses-permission android:name="com.htc.launcher.permission.READ_SETTINGS" />
67-->[me.leolin:ShortcutBadger:1.1.22] AndroidManifest.xml:23:5-81
67-->[me.leolin:ShortcutBadger:1.1.22] AndroidManifest.xml:23:22-78
68    <uses-permission android:name="com.htc.launcher.permission.UPDATE_SHORTCUT" /> <!-- for sony -->
68-->[me.leolin:ShortcutBadger:1.1.22] AndroidManifest.xml:24:5-83
68-->[me.leolin:ShortcutBadger:1.1.22] AndroidManifest.xml:24:22-80
69    <uses-permission android:name="com.sonyericsson.home.permission.BROADCAST_BADGE" />
69-->[me.leolin:ShortcutBadger:1.1.22] AndroidManifest.xml:27:5-88
69-->[me.leolin:ShortcutBadger:1.1.22] AndroidManifest.xml:27:22-85
70    <uses-permission android:name="com.sonymobile.home.permission.PROVIDER_INSERT_BADGE" /> <!-- for apex -->
70-->[me.leolin:ShortcutBadger:1.1.22] AndroidManifest.xml:28:5-92
70-->[me.leolin:ShortcutBadger:1.1.22] AndroidManifest.xml:28:22-89
71    <uses-permission android:name="com.anddoes.launcher.permission.UPDATE_COUNT" /> <!-- for solid -->
71-->[me.leolin:ShortcutBadger:1.1.22] AndroidManifest.xml:31:5-84
71-->[me.leolin:ShortcutBadger:1.1.22] AndroidManifest.xml:31:22-81
72    <uses-permission android:name="com.majeur.launcher.permission.UPDATE_BADGE" /> <!-- for huawei -->
72-->[me.leolin:ShortcutBadger:1.1.22] AndroidManifest.xml:34:5-83
72-->[me.leolin:ShortcutBadger:1.1.22] AndroidManifest.xml:34:22-80
73    <uses-permission android:name="com.huawei.android.launcher.permission.CHANGE_BADGE" />
73-->[me.leolin:ShortcutBadger:1.1.22] AndroidManifest.xml:37:5-91
73-->[me.leolin:ShortcutBadger:1.1.22] AndroidManifest.xml:37:22-88
74    <uses-permission android:name="com.huawei.android.launcher.permission.READ_SETTINGS" />
74-->[me.leolin:ShortcutBadger:1.1.22] AndroidManifest.xml:38:5-92
74-->[me.leolin:ShortcutBadger:1.1.22] AndroidManifest.xml:38:22-89
75    <uses-permission android:name="com.huawei.android.launcher.permission.WRITE_SETTINGS" /> <!-- for ZUK -->
75-->[me.leolin:ShortcutBadger:1.1.22] AndroidManifest.xml:39:5-93
75-->[me.leolin:ShortcutBadger:1.1.22] AndroidManifest.xml:39:22-90
76    <uses-permission android:name="android.permission.READ_APP_BADGE" /> <!-- for OPPO -->
76-->[me.leolin:ShortcutBadger:1.1.22] AndroidManifest.xml:42:5-73
76-->[me.leolin:ShortcutBadger:1.1.22] AndroidManifest.xml:42:22-70
77    <uses-permission android:name="com.oppo.launcher.permission.READ_SETTINGS" />
77-->[me.leolin:ShortcutBadger:1.1.22] AndroidManifest.xml:45:5-82
77-->[me.leolin:ShortcutBadger:1.1.22] AndroidManifest.xml:45:22-79
78    <uses-permission android:name="com.oppo.launcher.permission.WRITE_SETTINGS" /> <!-- for EvMe -->
78-->[me.leolin:ShortcutBadger:1.1.22] AndroidManifest.xml:46:5-83
78-->[me.leolin:ShortcutBadger:1.1.22] AndroidManifest.xml:46:22-80
79    <uses-permission android:name="me.everything.badger.permission.BADGE_COUNT_READ" />
79-->[me.leolin:ShortcutBadger:1.1.22] AndroidManifest.xml:49:5-88
79-->[me.leolin:ShortcutBadger:1.1.22] AndroidManifest.xml:49:22-85
80    <uses-permission android:name="me.everything.badger.permission.BADGE_COUNT_WRITE" /> <!-- Required by older versions of Google Play services to create IID tokens -->
80-->[me.leolin:ShortcutBadger:1.1.22] AndroidManifest.xml:50:5-89
80-->[me.leolin:ShortcutBadger:1.1.22] AndroidManifest.xml:50:22-86
81    <uses-permission android:name="com.google.android.c2dm.permission.RECEIVE" />
81-->[com.google.android.gms:play-services-iid:17.0.0] AndroidManifest.xml:23:5-82
81-->[com.google.android.gms:play-services-iid:17.0.0] AndroidManifest.xml:23:22-79
82    <uses-permission android:name="com.google.android.finsky.permission.BIND_GET_INSTALL_REFERRER_SERVICE" />
82-->[com.android.installreferrer:installreferrer:1.1.2] AndroidManifest.xml:9:5-110
82-->[com.android.installreferrer:installreferrer:1.1.2] AndroidManifest.xml:9:22-107
83
84    <application
84-->src\main\AndroidManifest.xml:29:5-55:19
85        android:name="com.mendix.nativetemplate.MainApplication"
85-->src\main\AndroidManifest.xml:29:18-49
86        android:allowBackup="false"
86-->src\main\AndroidManifest.xml:29:164-191
87        android:appComponentFactory="androidx.core.app.CoreComponentFactory"
87-->[androidx.core:core:1.3.2] AndroidManifest.xml:24:18-86
88        android:debuggable="true"
89        android:icon="@mipmap/ic_launcher"
89-->src\main\AndroidManifest.xml:29:83-117
90        android:label="@string/app_name"
90-->src\main\AndroidManifest.xml:29:50-82
91        android:largeHeap="true"
91-->src\main\AndroidManifest.xml:29:192-216
92        android:requestLegacyExternalStorage="true"
92-->src\main\AndroidManifest.xml:29:249-292
93        android:roundIcon="@mipmap/ic_launcher_round"
93-->src\main\AndroidManifest.xml:29:118-163
94        android:theme="@style/AppTheme"
94-->src\main\AndroidManifest.xml:29:217-248
95        android:usesCleartextTraffic="true" >
95-->src\debug\AndroidManifest.xml:7:18-53
96        <activity
96-->src\main\AndroidManifest.xml:30:9-42:20
97            android:name="com.mendix.nativetemplate.MainActivity"
97-->src\main\AndroidManifest.xml:30:19-72
98            android:configChanges="keyboard|keyboardHidden|orientation|screenSize|uiMode"
98-->src\main\AndroidManifest.xml:30:147-224
99            android:label="@string/app_name"
99-->src\main\AndroidManifest.xml:30:73-105
100            android:launchMode="singleTop"
100-->src\main\AndroidManifest.xml:30:265-295
101            android:screenOrientation="userPortrait"
101-->src\main\AndroidManifest.xml:30:106-146
102            android:windowSoftInputMode="adjustPan" >
102-->src\main\AndroidManifest.xml:30:225-264
103            <intent-filter>
103-->src\main\AndroidManifest.xml:31:13-34:29
104                <action android:name="android.intent.action.MAIN" />
104-->src\main\AndroidManifest.xml:32:17-68
104-->src\main\AndroidManifest.xml:32:25-66
105
106                <category android:name="android.intent.category.LAUNCHER" />
106-->src\main\AndroidManifest.xml:33:17-76
106-->src\main\AndroidManifest.xml:33:27-74
107            </intent-filter>
108            <intent-filter android:label="deep_link_label" >
108-->src\main\AndroidManifest.xml:35:13-41:29
108-->src\main\AndroidManifest.xml:35:28-59
109
110                <!-- mx-controlled-deep-link -->
111                <action android:name="android.intent.action.VIEW" />
111-->src\main\AndroidManifest.xml:17:13-64
111-->src\main\AndroidManifest.xml:17:21-62
112
113                <category android:name="android.intent.category.DEFAULT" />
113-->src\main\AndroidManifest.xml:38:17-75
113-->src\main\AndroidManifest.xml:38:27-73
114                <category android:name="android.intent.category.BROWSABLE" />
114-->src\main\AndroidManifest.xml:39:17-77
114-->src\main\AndroidManifest.xml:39:27-75
115
116                <data android:scheme="myapp" />
116-->src\main\AndroidManifest.xml:18:13-43
116-->src\main\AndroidManifest.xml:18:19-41
117            </intent-filter>
118        </activity>
119        <activity android:name="com.facebook.react.devsupport.DevSettingsActivity" />
119-->src\main\AndroidManifest.xml:43:9-85
119-->src\main\AndroidManifest.xml:43:19-83
120
121        <meta-data
121-->src\main\AndroidManifest.xml:44:9-84
122            android:name="com.google.android.geo.API_KEY"
122-->src\main\AndroidManifest.xml:44:20-65
123            android:value="" />
123-->src\main\AndroidManifest.xml:44:66-82
124
125        <receiver android:name="com.dieam.reactnativepushnotification.modules.RNPushNotificationActions" />
125-->src\main\AndroidManifest.xml:45:9-107
125-->src\main\AndroidManifest.xml:45:19-105
126        <receiver android:name="com.dieam.reactnativepushnotification.modules.RNPushNotificationPublisher" />
126-->src\main\AndroidManifest.xml:46:9-109
126-->src\main\AndroidManifest.xml:46:19-107
127        <receiver android:name="com.dieam.reactnativepushnotification.modules.RNPushNotificationBootEventReceiver" >
127-->src\main\AndroidManifest.xml:47:9-53:20
127-->src\main\AndroidManifest.xml:47:19-115
128            <intent-filter>
128-->src\main\AndroidManifest.xml:48:13-52:29
129                <action android:name="android.intent.action.BOOT_COMPLETED" />
129-->src\main\AndroidManifest.xml:49:17-78
129-->src\main\AndroidManifest.xml:49:25-76
130                <action android:name="android.intent.action.QUICKBOOT_POWERON" />
130-->src\main\AndroidManifest.xml:50:17-81
130-->src\main\AndroidManifest.xml:50:25-79
131                <action android:name="com.htc.intent.action.QUICKBOOT_POWERON" />
131-->src\main\AndroidManifest.xml:51:17-81
131-->src\main\AndroidManifest.xml:51:25-79
132            </intent-filter>
133        </receiver>
134
135        <service
135-->src\main\AndroidManifest.xml:54:9-139
136            android:name="com.dieam.reactnativepushnotification.modules.RNPushNotificationListenerService"
136-->src\main\AndroidManifest.xml:54:18-112
137            android:exported="false" />
137-->src\main\AndroidManifest.xml:54:113-137
138        <service android:name="io.invertase.firebase.messaging.ReactNativeFirebaseMessagingHeadlessService" />
138-->[:react-native-firebase_messaging] AndroidManifest.xml:16:9-111
138-->[:react-native-firebase_messaging] AndroidManifest.xml:16:18-108
139        <service
139-->[:react-native-firebase_messaging] AndroidManifest.xml:17:9-23:19
140            android:name="io.invertase.firebase.messaging.ReactNativeFirebaseMessagingService"
140-->[:react-native-firebase_messaging] AndroidManifest.xml:18:13-95
141            android:exported="false" >
141-->[:react-native-firebase_messaging] AndroidManifest.xml:19:13-37
142            <intent-filter>
142-->[:react-native-firebase_messaging] AndroidManifest.xml:20:13-22:29
143                <action android:name="com.google.firebase.MESSAGING_EVENT" />
143-->[:react-native-firebase_messaging] AndroidManifest.xml:21:17-78
143-->[:react-native-firebase_messaging] AndroidManifest.xml:21:25-75
144            </intent-filter>
145        </service>
146
147        <receiver
147-->[:react-native-firebase_messaging] AndroidManifest.xml:25:9-32:20
148            android:name="io.invertase.firebase.messaging.ReactNativeFirebaseMessagingReceiver"
148-->[:react-native-firebase_messaging] AndroidManifest.xml:26:13-96
149            android:exported="true"
149-->[:react-native-firebase_messaging] AndroidManifest.xml:27:13-36
150            android:permission="com.google.android.c2dm.permission.SEND" >
150-->[:react-native-firebase_messaging] AndroidManifest.xml:28:13-73
151            <intent-filter>
151-->[:react-native-firebase_messaging] AndroidManifest.xml:29:13-31:29
152                <action android:name="com.google.android.c2dm.intent.RECEIVE" />
152-->[:react-native-firebase_messaging] AndroidManifest.xml:30:17-81
152-->[:react-native-firebase_messaging] AndroidManifest.xml:30:25-78
153            </intent-filter>
154        </receiver>
155
156        <meta-data
156-->[:react-native-firebase_messaging] AndroidManifest.xml:34:9-36:36
157            android:name="firebase_messaging_auto_init_enabled"
157-->[:react-native-firebase_messaging] AndroidManifest.xml:35:13-64
158            android:value="true" />
158-->[:react-native-firebase_messaging] AndroidManifest.xml:36:13-33
159        <meta-data
159-->[:react-native-firebase_messaging] AndroidManifest.xml:37:9-39:32
160            android:name="com.google.firebase.messaging.default_notification_channel_id"
160-->[:react-native-firebase_messaging] AndroidManifest.xml:38:13-89
161            android:value="" />
161-->[:react-native-firebase_messaging] AndroidManifest.xml:39:13-29
162        <meta-data
162-->[:react-native-firebase_messaging] AndroidManifest.xml:40:9-42:47
163            android:name="com.google.firebase.messaging.default_notification_color"
163-->[:react-native-firebase_messaging] AndroidManifest.xml:41:13-84
164            android:resource="@color/white" />
164-->[:react-native-firebase_messaging] AndroidManifest.xml:42:13-44
165
166        <provider
166-->[:react-native-image-picker] AndroidManifest.xml:12:9-20:20
167            android:name="com.imagepicker.ImagePickerProvider"
167-->[:react-native-image-picker] AndroidManifest.xml:13:13-63
168            android:authorities="myapp.workoutnation.imagepickerprovider"
168-->[:react-native-image-picker] AndroidManifest.xml:14:13-71
169            android:exported="false"
169-->[:react-native-image-picker] AndroidManifest.xml:15:13-37
170            android:grantUriPermissions="true" >
170-->[:react-native-image-picker] AndroidManifest.xml:16:13-47
171            <meta-data
171-->[:react-native-image-picker] AndroidManifest.xml:17:13-19:70
172                android:name="android.support.FILE_PROVIDER_PATHS"
172-->[:react-native-image-picker] AndroidManifest.xml:18:17-67
173                android:resource="@xml/imagepicker_provider_paths" />
173-->[:react-native-image-picker] AndroidManifest.xml:19:17-67
174        </provider>
175
176        <activity android:name="com.proyecto26.inappbrowser.ChromeTabsManagerActivity" >
176-->[:react-native-inappbrowser-reborn] AndroidManifest.xml:14:9-15:20
176-->[:react-native-inappbrowser-reborn] AndroidManifest.xml:14:19-87
177        </activity>
178
179        <meta-data
179-->[com.github.bumptech.glide:okhttp3-integration:4.11.0] AndroidManifest.xml:11:9-13:43
180            android:name="com.bumptech.glide.integration.okhttp3.OkHttpGlideModule"
180-->[com.github.bumptech.glide:okhttp3-integration:4.11.0] AndroidManifest.xml:12:13-84
181            android:value="GlideModule" />
181-->[com.github.bumptech.glide:okhttp3-integration:4.11.0] AndroidManifest.xml:13:13-40
182        <!--
183             FirebaseMessagingService performs security checks at runtime,
184             but set to not exported to explicitly avoid allowing another app to call it.
185        -->
186        <service
186-->[com.google.firebase:firebase-messaging:21.0.0] AndroidManifest.xml:28:9-35:19
187            android:name="com.google.firebase.messaging.FirebaseMessagingService"
187-->[com.google.firebase:firebase-messaging:21.0.0] AndroidManifest.xml:29:13-82
188            android:directBootAware="true"
188-->[com.google.firebase:firebase-messaging:21.0.0] AndroidManifest.xml:30:13-43
189            android:exported="false" >
189-->[com.google.firebase:firebase-messaging:21.0.0] AndroidManifest.xml:31:13-37
190            <intent-filter android:priority="-500" >
190-->[:react-native-firebase_messaging] AndroidManifest.xml:20:13-22:29
191                <action android:name="com.google.firebase.MESSAGING_EVENT" />
191-->[:react-native-firebase_messaging] AndroidManifest.xml:21:17-78
191-->[:react-native-firebase_messaging] AndroidManifest.xml:21:25-75
192            </intent-filter>
193        </service>
194        <service
194-->[com.google.firebase:firebase-messaging:21.0.0] AndroidManifest.xml:36:9-42:19
195            android:name="com.google.firebase.components.ComponentDiscoveryService"
195-->[com.google.firebase:firebase-messaging:21.0.0] AndroidManifest.xml:37:13-84
196            android:directBootAware="true"
196-->[com.google.firebase:firebase-common:19.3.1] AndroidManifest.xml:35:13-43
197            android:exported="false" >
197-->[com.google.firebase:firebase-messaging:21.0.0] AndroidManifest.xml:38:13-37
198            <meta-data
198-->[com.google.firebase:firebase-messaging:21.0.0] AndroidManifest.xml:39:13-41:85
199                android:name="com.google.firebase.components:com.google.firebase.messaging.FirebaseMessagingRegistrar"
199-->[com.google.firebase:firebase-messaging:21.0.0] AndroidManifest.xml:40:17-119
200                android:value="com.google.firebase.components.ComponentRegistrar" />
200-->[com.google.firebase:firebase-messaging:21.0.0] AndroidManifest.xml:41:17-82
201            <meta-data
201-->[com.google.firebase:firebase-iid:21.0.0] AndroidManifest.xml:32:13-34:85
202                android:name="com.google.firebase.components:com.google.firebase.iid.Registrar"
202-->[com.google.firebase:firebase-iid:21.0.0] AndroidManifest.xml:33:17-96
203                android:value="com.google.firebase.components.ComponentRegistrar" />
203-->[com.google.firebase:firebase-iid:21.0.0] AndroidManifest.xml:34:17-82
204            <meta-data
204-->[com.google.firebase:firebase-datatransport:17.0.3] AndroidManifest.xml:28:13-30:85
205                android:name="com.google.firebase.components:com.google.firebase.datatransport.TransportRegistrar"
205-->[com.google.firebase:firebase-datatransport:17.0.3] AndroidManifest.xml:29:17-115
206                android:value="com.google.firebase.components.ComponentRegistrar" />
206-->[com.google.firebase:firebase-datatransport:17.0.3] AndroidManifest.xml:30:17-82
207            <meta-data
207-->[com.google.firebase:firebase-installations:16.3.3] AndroidManifest.xml:17:13-19:85
208                android:name="com.google.firebase.components:com.google.firebase.installations.FirebaseInstallationsRegistrar"
208-->[com.google.firebase:firebase-installations:16.3.3] AndroidManifest.xml:18:17-127
209                android:value="com.google.firebase.components.ComponentRegistrar" />
209-->[com.google.firebase:firebase-installations:16.3.3] AndroidManifest.xml:19:17-82
210        </service>
211
212        <activity
212-->[com.google.android.gms:play-services-auth:18.1.0] AndroidManifest.xml:23:9-27:75
213            android:name="com.google.android.gms.auth.api.signin.internal.SignInHubActivity"
213-->[com.google.android.gms:play-services-auth:18.1.0] AndroidManifest.xml:24:13-93
214            android:excludeFromRecents="true"
214-->[com.google.android.gms:play-services-auth:18.1.0] AndroidManifest.xml:25:13-46
215            android:exported="false"
215-->[com.google.android.gms:play-services-auth:18.1.0] AndroidManifest.xml:26:13-37
216            android:theme="@android:style/Theme.Translucent.NoTitleBar" />
216-->[com.google.android.gms:play-services-auth:18.1.0] AndroidManifest.xml:27:13-72
217        <!--
218            Service handling Google Sign-In user revocation. For apps that do not integrate with
219            Google Sign-In, this service will never be started.
220        -->
221        <service
221-->[com.google.android.gms:play-services-auth:18.1.0] AndroidManifest.xml:33:9-37:51
222            android:name="com.google.android.gms.auth.api.signin.RevocationBoundService"
222-->[com.google.android.gms:play-services-auth:18.1.0] AndroidManifest.xml:34:13-89
223            android:exported="true"
223-->[com.google.android.gms:play-services-auth:18.1.0] AndroidManifest.xml:35:13-36
224            android:permission="com.google.android.gms.auth.api.signin.permission.REVOCATION_NOTIFICATION"
224-->[com.google.android.gms:play-services-auth:18.1.0] AndroidManifest.xml:36:13-107
225            android:visibleToInstantApps="true" />
225-->[com.google.android.gms:play-services-auth:18.1.0] AndroidManifest.xml:37:13-48
226
227        <receiver
227-->[com.google.firebase:firebase-iid:21.0.0] AndroidManifest.xml:37:9-44:20
228            android:name="com.google.firebase.iid.FirebaseInstanceIdReceiver"
228-->[com.google.firebase:firebase-iid:21.0.0] AndroidManifest.xml:38:13-78
229            android:exported="true"
229-->[com.google.firebase:firebase-iid:21.0.0] AndroidManifest.xml:39:13-36
230            android:permission="com.google.android.c2dm.permission.SEND" >
230-->[com.google.firebase:firebase-iid:21.0.0] AndroidManifest.xml:40:13-73
231            <intent-filter>
231-->[:react-native-firebase_messaging] AndroidManifest.xml:29:13-31:29
232                <action android:name="com.google.android.c2dm.intent.RECEIVE" />
232-->[:react-native-firebase_messaging] AndroidManifest.xml:30:17-81
232-->[:react-native-firebase_messaging] AndroidManifest.xml:30:25-78
233            </intent-filter>
234        </receiver>
235
236        <activity
236-->[com.google.android.gms:play-services-base:17.1.0] AndroidManifest.xml:23:9-26:75
237            android:name="com.google.android.gms.common.api.GoogleApiActivity"
237-->[com.google.android.gms:play-services-base:17.1.0] AndroidManifest.xml:24:13-79
238            android:exported="false"
238-->[com.google.android.gms:play-services-base:17.1.0] AndroidManifest.xml:25:13-37
239            android:theme="@android:style/Theme.Translucent.NoTitleBar" />
239-->[com.google.android.gms:play-services-base:17.1.0] AndroidManifest.xml:26:13-72
240
241        <provider
241-->[com.google.firebase:firebase-common:19.3.1] AndroidManifest.xml:26:9-31:39
242            android:name="com.google.firebase.provider.FirebaseInitProvider"
242-->[com.google.firebase:firebase-common:19.3.1] AndroidManifest.xml:27:13-77
243            android:authorities="myapp.workoutnation.firebaseinitprovider"
243-->[com.google.firebase:firebase-common:19.3.1] AndroidManifest.xml:28:13-72
244            android:directBootAware="true"
244-->[com.google.firebase:firebase-common:19.3.1] AndroidManifest.xml:29:13-43
245            android:exported="false"
245-->[com.google.firebase:firebase-common:19.3.1] AndroidManifest.xml:30:13-37
246            android:initOrder="100" />
246-->[com.google.firebase:firebase-common:19.3.1] AndroidManifest.xml:31:13-36
247
248        <meta-data
248-->[com.google.android.gms:play-services-basement:17.1.1] AndroidManifest.xml:23:9-25:69
249            android:name="com.google.android.gms.version"
249-->[com.google.android.gms:play-services-basement:17.1.1] AndroidManifest.xml:24:13-58
250            android:value="@integer/google_play_services_version" />
250-->[com.google.android.gms:play-services-basement:17.1.1] AndroidManifest.xml:25:13-66
251
252        <service
252-->[com.google.android.datatransport:transport-backend-cct:2.2.0] AndroidManifest.xml:29:9-35:19
253            android:name="com.google.android.datatransport.runtime.backends.TransportBackendDiscovery"
253-->[com.google.android.datatransport:transport-backend-cct:2.2.0] AndroidManifest.xml:30:13-103
254            android:exported="false" >
254-->[com.google.android.datatransport:transport-backend-cct:2.2.0] AndroidManifest.xml:31:13-37
255            <meta-data
255-->[com.google.android.datatransport:transport-backend-cct:2.2.0] AndroidManifest.xml:32:13-34:39
256                android:name="backend:com.google.android.datatransport.cct.CctBackendFactory"
256-->[com.google.android.datatransport:transport-backend-cct:2.2.0] AndroidManifest.xml:33:17-94
257                android:value="cct" />
257-->[com.google.android.datatransport:transport-backend-cct:2.2.0] AndroidManifest.xml:34:17-36
258        </service>
259        <service
259-->[com.google.android.datatransport:transport-runtime:2.2.0] AndroidManifest.xml:26:9-30:19
260            android:name="com.google.android.datatransport.runtime.scheduling.jobscheduling.JobInfoSchedulerService"
260-->[com.google.android.datatransport:transport-runtime:2.2.0] AndroidManifest.xml:27:13-117
261            android:exported="false"
261-->[com.google.android.datatransport:transport-runtime:2.2.0] AndroidManifest.xml:28:13-37
262            android:permission="android.permission.BIND_JOB_SERVICE" >
262-->[com.google.android.datatransport:transport-runtime:2.2.0] AndroidManifest.xml:29:13-69
263        </service>
264
265        <receiver
265-->[com.google.android.datatransport:transport-runtime:2.2.0] AndroidManifest.xml:32:9-34:40
266            android:name="com.google.android.datatransport.runtime.scheduling.jobscheduling.AlarmManagerSchedulerBroadcastReceiver"
266-->[com.google.android.datatransport:transport-runtime:2.2.0] AndroidManifest.xml:33:13-132
267            android:exported="false" />
267-->[com.google.android.datatransport:transport-runtime:2.2.0] AndroidManifest.xml:34:13-37
268    </application>
269
270</manifest>